<?xml version="1.0" encoding="UTF-8"?>
<!-- Generated by org.testng.reporters.JUnitXMLReporter -->
<testsuite hostname="DESKTOP-9OVOBQD" ignored="0" name="Java Script Executor" tests="4" failures="0" timestamp="11 Dec 2018 15:47:37 GMT" time="16.965" errors="0">
  <testcase name="sendKeysMethod" time="0.066" classname="Topics.javaScriptExecutor"/>
  <testcase name="clickMethod" time="0.419" classname="Topics.javaScriptExecutor"/>
  <testcase name="elementHighLighter" time="3.08" classname="Topics.javaScriptExecutor"/>
  <testcase name="generatePopUpWindow" time="3.026" classname="Topics.javaScriptExecutor"/>
</testsuite> <!-- Java Script Executor -->
