<?xml version="1.0" encoding="UTF-8"?>
<testng-results skipped="0" failed="0" total="1" passed="1">
  <reporter-output>
  </reporter-output>
  <suite name="Default suite" duration-ms="157" started-at="2019-08-22T06:58:00Z" finished-at="2019-08-22T06:58:00Z">
    <groups>
    </groups>
    <test name="Default test" duration-ms="157" started-at="2019-08-22T06:58:00Z" finished-at="2019-08-22T06:58:00Z">
      <class name="Topics.log4j">
        <test-method status="PASS" signature="log4jConfiguration()[pri:0, instance:Topics.log4j@4667ae56]" name="log4jConfiguration" duration-ms="139" started-at="2019-08-22T12:28:00Z" finished-at="2019-08-22T12:28:00Z">
          <reporter-output>
          </reporter-output>
        </test-method> <!-- log4jConfiguration -->
      </class> <!-- Topics.log4j -->
    </test> <!-- Default test -->
  </suite> <!-- Default suite -->
</testng-results>
